--- 4.1.1 ---
input = "GPGPGPGPGPGPGPGPGPGP"
k = "2"
bruteForceResult = [1,10]
greedyResult = 10
--- 4.1.2 ---
input = "GGPPGGGGPPPG"
k = "3"
bruteForceResult = [78,5]
greedyResult = 5
--- 4.1.3 ---
input = "GGPPGPPPGGPP"
k = "3"
bruteForceResult = [60,5]
greedyResult = 5
--- 4.2.1 ---
input = "GPPGPGGPGGPPGGPPPPPGG"
k = "2"
bruteForceResult = [4,10]
greedyResult = 10
--- 4.2.2 ---
input = "GGPPPPPGGGGPGPPPPGPP"
k = "2"
bruteForceResult = [16,7]
greedyResult = 7
--- 4.2.3 ---
input = "GGGGPPPPGGPPPPPPPPGGGG"
k = "4"
bruteForceResult = [9,10]
greedyResult = 10
--- 4.3.1 ---
input = "GGPPPPGGGGPPGPP"
k = "3"
bruteForceResult = [26,7]
greedyResult = 7
--- 4.3.2 ---
input = "GGPGGGPPPGPPGPGPPGGP"
k = "5"
bruteForceResult = [56,10]
greedyResult = 10
--- 4.3.3 ---
input = "GPGGPPGPPG"
k = "4"
bruteForceResult = [13,5]
greedyResult = 5
